[2026-01-29T05:37:18.292Z] [INFO] Pipeline started {"runId":"20260129_053718_jrxbr7","args":"{\"time_window\":{\"start\":\"2024-01-08\",\"end\":\"2024-01-21\"},\"datasource\":\"local_files\",\"output\":{\"xlsx\":true,\"html\":false,\"slack\":false},\"dry_run\":true}"}
[2026-01-29T05:37:18.292Z] [INFO] Time window resolved {"label":"2024-01-08 至 2024-01-21","range":"2024-01-08 ~ 2024-01-21"}
[2026-01-29T05:37:18.292Z] [INFO] Fetching data from datasource {"datasource":"local_files"}
[2026-01-29T05:37:18.292Z] [INFO] Found CSV files {"count":4,"files":["/Users/hal/Moltbot/skills/kpi_reporter/data/sample_ads.csv","/Users/hal/Moltbot/skills/kpi_reporter/data/sample_crm.csv","/Users/hal/Moltbot/skills/kpi_reporter/data/sample_orders.csv","/Users/hal/Moltbot/skills/kpi_reporter/data/sample_web.csv"]}
[2026-01-29T05:37:18.293Z] [INFO] Parsed CSV file {"file":"/Users/hal/Moltbot/skills/kpi_reporter/data/sample_ads.csv","source":"ads","recordCount":56}
[2026-01-29T05:37:18.293Z] [INFO] Parsed CSV file {"file":"/Users/hal/Moltbot/skills/kpi_reporter/data/sample_crm.csv","source":"crm","recordCount":28}
[2026-01-29T05:37:18.293Z] [INFO] Parsed CSV file {"file":"/Users/hal/Moltbot/skills/kpi_reporter/data/sample_orders.csv","source":"orders","recordCount":56}
[2026-01-29T05:37:18.293Z] [INFO] Parsed CSV file {"file":"/Users/hal/Moltbot/skills/kpi_reporter/data/sample_web.csv","source":"web","recordCount":56}
[2026-01-29T05:37:18.294Z] [INFO] Total records fetched {"count":196}
[2026-01-29T05:37:18.294Z] [INFO] Raw data saved {"count":196,"path":"/Users/hal/Moltbot/skills/kpi_reporter/runs/20260129_053718_jrxbr7/raw/raw_data.json"}
[2026-01-29T05:37:18.294Z] [INFO] Normalizing data
[2026-01-29T05:37:18.294Z] [INFO] Data normalized {"count":196}
[2026-01-29T05:37:18.294Z] [INFO] Computing KPIs
[2026-01-29T05:37:18.296Z] [INFO] Computing KPIs for periods {"current":"2024-01-08 ~ 2024-01-21","previous":"2023-12-25 ~ 2024-01-07","currentCount":196,"previousCount":0}
[2026-01-29T05:37:18.296Z] [INFO] KPIs computed {"count":10}
[2026-01-29T05:37:18.296Z] [INFO] Building XLSX report
[2026-01-29T05:37:18.378Z] [INFO] Python XLSX generator completed successfully
[2026-01-29T05:37:18.378Z] [INFO] Report generated {"path":"/Users/hal/Moltbot/skills/kpi_reporter/runs/20260129_053718_jrxbr7/report.xlsx"}
[2026-01-29T05:37:18.379Z] [INFO] Dry run mode - skipping Slack notification
[2026-01-29T05:37:18.379Z] [INFO] Pipeline completed successfully {"durationMs":87}
